  Main.cpp
c:\users\san4e\onedrive\рабочий стол\курсовая работа\вариант мой\done\done\main.cpp(147): warning C4018: <: несоответствие типов со знаком и без знака
c:\users\san4e\onedrive\рабочий стол\курсовая работа\вариант мой\done\done\main.cpp(155): warning C4018: <: несоответствие типов со знаком и без знака
c:\users\san4e\onedrive\рабочий стол\курсовая работа\вариант мой\done\done\main.cpp(176): warning C4018: <: несоответствие типов со знаком и без знака
c:\users\san4e\onedrive\рабочий стол\курсовая работа\вариант мой\done\done\main.cpp(185): warning C4018: <: несоответствие типов со знаком и без знака
c:\users\san4e\onedrive\рабочий стол\курсовая работа\вариант мой\done\done\main.cpp(209): warning C4018: <: несоответствие типов со знаком и без знака
c:\users\san4e\onedrive\рабочий стол\курсовая работа\вариант мой\done\done\main.cpp(217): warning C4018: <: несоответствие типов со знаком и без знака
c:\users\san4e\onedrive\рабочий стол\курсовая работа\вариант мой\done\done\main.cpp(236): warning C4018: <: несоответствие типов со знаком и без знака
c:\users\san4e\onedrive\рабочий стол\курсовая работа\вариант мой\done\done\main.cpp(247): warning C4101: index: неиспользованная локальная переменная
c:\users\san4e\onedrive\рабочий стол\курсовая работа\вариант мой\done\done\main.cpp(297): warning C4018: <: несоответствие типов со знаком и без знака
c:\users\san4e\onedrive\рабочий стол\курсовая работа\вариант мой\done\done\main.cpp(310): warning C4018: <: несоответствие типов со знаком и без знака
c:\users\san4e\onedrive\рабочий стол\курсовая работа\вариант мой\done\done\main.cpp(325): warning C4018: <: несоответствие типов со знаком и без знака
c:\users\san4e\onedrive\рабочий стол\курсовая работа\вариант мой\done\done\main.cpp(335): warning C4018: <: несоответствие типов со знаком и без знака
c:\users\san4e\onedrive\рабочий стол\курсовая работа\вариант мой\done\done\main.cpp(345): warning C4018: <: несоответствие типов со знаком и без знака
c:\users\san4e\onedrive\рабочий стол\курсовая работа\вариант мой\done\done\main.cpp(483): warning C4018: <: несоответствие типов со знаком и без знака
c:\users\san4e\onedrive\рабочий стол\курсовая работа\вариант мой\done\done\main.cpp(501): warning C4018: <: несоответствие типов со знаком и без знака
c:\users\san4e\onedrive\рабочий стол\курсовая работа\вариант мой\done\done\main.cpp(536): warning C4018: <: несоответствие типов со знаком и без знака
c:\users\san4e\onedrive\рабочий стол\курсовая работа\вариант мой\done\done\main.cpp(552): warning C4018: <: несоответствие типов со знаком и без знака
c:\users\san4e\onedrive\рабочий стол\курсовая работа\вариант мой\done\done\main.cpp(580): warning C4018: <: несоответствие типов со знаком и без знака
c:\users\san4e\onedrive\рабочий стол\курсовая работа\вариант мой\done\done\main.cpp(596): warning C4018: <: несоответствие типов со знаком и без знака
c:\users\san4e\onedrive\рабочий стол\курсовая работа\вариант мой\done\done\main.cpp(651): warning C4018: <: несоответствие типов со знаком и без знака
c:\users\san4e\onedrive\рабочий стол\курсовая работа\вариант мой\done\done\main.cpp(655): warning C4018: <: несоответствие типов со знаком и без знака
c:\users\san4e\onedrive\рабочий стол\курсовая работа\вариант мой\done\done\main.cpp(685): warning C4018: <: несоответствие типов со знаком и без знака
c:\users\san4e\onedrive\рабочий стол\курсовая работа\вариант мой\done\done\main.cpp(689): warning C4018: <: несоответствие типов со знаком и без знака
c:\users\san4e\onedrive\рабочий стол\курсовая работа\вариант мой\done\done\main.cpp(742): warning C4018: <: несоответствие типов со знаком и без знака
c:\users\san4e\onedrive\рабочий стол\курсовая работа\вариант мой\done\done\main.cpp(758): warning C4018: <: несоответствие типов со знаком и без знака
c:\users\san4e\onedrive\рабочий стол\курсовая работа\вариант мой\done\done\main.cpp(786): warning C4018: <: несоответствие типов со знаком и без знака
c:\users\san4e\onedrive\рабочий стол\курсовая работа\вариант мой\done\done\main.cpp(802): warning C4018: <: несоответствие типов со знаком и без знака
c:\users\san4e\onedrive\рабочий стол\курсовая работа\вариант мой\done\done\main.cpp(836): warning C4018: <: несоответствие типов со знаком и без знака
c:\users\san4e\onedrive\рабочий стол\курсовая работа\вариант мой\done\done\main.cpp(853): warning C4018: <: несоответствие типов со знаком и без знака
c:\users\san4e\onedrive\рабочий стол\курсовая работа\вариант мой\done\done\main.cpp(883): warning C4018: <: несоответствие типов со знаком и без знака
c:\users\san4e\onedrive\рабочий стол\курсовая работа\вариант мой\done\done\main.cpp(900): warning C4018: <: несоответствие типов со знаком и без знака
c:\users\san4e\onedrive\рабочий стол\курсовая работа\вариант мой\done\done\main.cpp(933): warning C4018: <: несоответствие типов со знаком и без знака
c:\users\san4e\onedrive\рабочий стол\курсовая работа\вариант мой\done\done\main.cpp(969): warning C4018: <: несоответствие типов со знаком и без знака
c:\users\san4e\onedrive\рабочий стол\курсовая работа\вариант мой\done\done\main.cpp(990): warning C4018: <: несоответствие типов со знаком и без знака
c:\users\san4e\onedrive\рабочий стол\курсовая работа\вариант мой\done\done\main.cpp(995): warning C4018: <: несоответствие типов со знаком и без знака
c:\users\san4e\onedrive\рабочий стол\курсовая работа\вариант мой\done\done\main.cpp(1012): warning C4018: <: несоответствие типов со знаком и без знака
c:\users\san4e\onedrive\рабочий стол\курсовая работа\вариант мой\done\done\main.cpp(1312): warning C4326: возвращаемый тип "main" должен быть "int", а не "void"
  Создание кода
  4 of 850 functions ( 0.5%) were compiled, the rest were copied from previous compilation.
    2 functions were new in current compilation
    18 functions had inline decision re-evaluated but remain unchanged
  Создание кода завершено
  Done.vcxproj -> C:\Users\san4e\OneDrive\Рабочий стол\Курсовая работа\Вариант Мой\Done\Release\Done.exe
